<?xml version="1.0" encoding="UTF-8"?>
<!-- Generated by org.testng.reporters.JUnitReportReporter -->
<testsuite name="TestCases.CreateBookingFromContactTest" tests="1" time="52.101" ignored="0" failures="0" timestamp="08 May 2018 11:04:07 GMT" skipped="0" hostname="nlccu100" errors="0">
  <testcase name="CreateBooking" time="52.101" classname="TestCases.CreateBookingFromContactTest"/>
</testsuite> <!-- TestCases.CreateBookingFromContactTest -->
