<?xml version="1.0" encoding="UTF-8"?>
<!-- Generated by org.testng.reporters.JUnitReportReporter -->
<testsuite name="TestCases.TestingCode" tests="1" time="27.539" ignored="0" failures="0" timestamp="11 Dec 2018 11:41:35 GMT" skipped="0" hostname="nlccu100" errors="0">
  <testcase name="ContractEntry" time="27.539" classname="TestCases.TestingCode"/>
</testsuite> <!-- TestCases.TestingCode -->
