<?xml version="1.0" encoding="UTF-8"?>
<!-- Generated by org.testng.reporters.JUnitReportReporter -->
<testsuite name="TestCases.CreateDraftBL" tests="1" time="52.760" ignored="0" failures="0" timestamp="14 May 2018 10:57:09 GMT" skipped="0" hostname="nlccu100" errors="0">
  <testcase name="ApplicationLogin" time="52.760" classname="TestCases.CreateDraftBL"/>
</testsuite> <!-- TestCases.CreateDraftBL -->
