<?xml version="1.0" encoding="UTF-8"?>
<!-- Generated by org.testng.reporters.JUnitReportReporter -->
<testsuite name="TestCases.TC1_ContractUpload" tests="1" time="295.473" ignored="0" failures="0" timestamp="19 Jul 2018 13:05:31 GMT" skipped="0" hostname="nlccu100" errors="0">
  <testcase name="ContractUploadTest" time="295.473" classname="TestCases.TC1_ContractUpload"/>
</testsuite> <!-- TestCases.TC1_ContractUpload -->
