<?xml version="1.0" encoding="UTF-8"?>
<!-- Generated by org.testng.reporters.JUnitReportReporter -->
<testsuite name="TestCases.CreateContractTest" tests="1" time="94.473" ignored="0" failures="0" timestamp="26 Jun 2018 12:28:13 GMT" skipped="0" hostname="nlccu100" errors="0">
  <testcase name="ContractEntry" time="94.473" classname="TestCases.CreateContractTest"/>
</testsuite> <!-- TestCases.CreateContractTest -->
