<?xml version="1.0" encoding="UTF-8"?>
<!-- Generated by org.testng.reporters.JUnitReportReporter -->
<testsuite name="TestCases.CreateBlWithRevenueUpdate" tests="1" time="135.883" ignored="0" failures="0" timestamp="27 Jun 2018 06:48:01 GMT" skipped="0" hostname="nlccu100" errors="0">
  <testcase name="ApplicationLogin" time="135.883" classname="TestCases.CreateBlWithRevenueUpdate"/>
</testsuite> <!-- TestCases.CreateBlWithRevenueUpdate -->
