<?xml version="1.0" encoding="UTF-8"?>
<!-- Generated by org.testng.reporters.JUnitReportReporter -->
<testsuite name="TestCases.BookingRouteApproveTest" tests="1" time="27.985" ignored="0" failures="0" timestamp="18 Feb 2019 10:52:14 GMT" skipped="0" hostname="nlccu100" errors="0">
  <testcase name="BookingRouteApproval" time="27.985" classname="TestCases.BookingRouteApproveTest"/>
</testsuite> <!-- TestCases.BookingRouteApproveTest -->
