<?xml version="1.0" encoding="UTF-8"?>
<!-- Generated by org.testng.reporters.JUnitReportReporter -->
<testsuite name="TestCases.CreateBookingFromContactTest" tests="1" time="55.153" ignored="0" failures="0" timestamp="28 Jun 2018 10:46:39 GMT" skipped="0" hostname="nlccu100" errors="0">
  <testcase name="CreateBooking" time="55.153" classname="TestCases.CreateBookingFromContactTest"/>
</testsuite> <!-- TestCases.CreateBookingFromContactTest -->
