<?xml version="1.0" encoding="UTF-8"?>
<!-- Generated by org.testng.reporters.JUnitReportReporter -->
<testsuite name="TestCases.CreateContractTest" tests="1" time="78.990" ignored="0" failures="0" timestamp="16 May 2018 05:20:43 GMT" skipped="0" hostname="nlccu100" errors="0">
  <testcase name="ContractEntry" time="78.990" classname="TestCases.CreateContractTest"/>
</testsuite> <!-- TestCases.CreateContractTest -->
