<?xml version="1.0" encoding="UTF-8"?>
<!-- Generated by org.testng.reporters.JUnitReportReporter -->
<testsuite name="TestCases.ContractDraftToCompleteTestCase" tests="1" time="25.096" ignored="0" failures="0" timestamp="26 Jun 2018 12:28:13 GMT" skipped="0" hostname="nlccu100" errors="0">
  <testcase name="ContractComplete" time="25.096" classname="TestCases.ContractDraftToCompleteTestCase"/>
</testsuite> <!-- TestCases.ContractDraftToCompleteTestCase -->
