<?xml version="1.0" encoding="UTF-8"?>
<!-- Generated by org.testng.reporters.JUnitReportReporter -->
<testsuite name="TestCases.BookingRouteApproveTest" tests="1" time="24.655" ignored="0" failures="0" timestamp="11 May 2018 04:26:18 GMT" skipped="0" hostname="nlccu100" errors="0">
  <testcase name="BookingRouteApproval" time="24.655" classname="TestCases.BookingRouteApproveTest"/>
</testsuite> <!-- TestCases.BookingRouteApproveTest -->
