<?xml version="1.0" encoding="UTF-8"?>
<!-- Generated by org.testng.reporters.JUnitReportReporter -->
<testsuite name="TestCases.CreateBlWithRevenueUpdate" tests="1" time="97.824" ignored="0" failures="0" timestamp="25 Apr 2018 06:49:17 GMT" skipped="0" hostname="nlccu100" errors="0">
  <testcase name="ApplicationLogin" time="97.824" classname="TestCases.CreateBlWithRevenueUpdate"/>
</testsuite> <!-- TestCases.CreateBlWithRevenueUpdate -->
