<?xml version="1.0" encoding="UTF-8"?>
<!-- Generated by org.testng.reporters.JUnitReportReporter -->
<testsuite name="TestCases.ContractDraftToCompleteTestCase" tests="1" time="39.354" ignored="0" failures="0" timestamp="16 May 2018 05:17:52 GMT" skipped="0" hostname="nlccu100" errors="0">
  <testcase name="ContractComplete" time="39.354" classname="TestCases.ContractDraftToCompleteTestCase"/>
</testsuite> <!-- TestCases.ContractDraftToCompleteTestCase -->
