<?xml version="1.0" encoding="UTF-8"?>
<!-- Generated by org.testng.reporters.JUnitReportReporter -->
<testsuite name="TestCases.BookingRouteApproveTest" tests="1" time="34.690" ignored="0" failures="0" timestamp="14 Feb 2019 07:16:19 GMT" skipped="0" hostname="nlccu100" errors="0">
  <testcase name="BookingRouteApproval" time="34.690" classname="TestCases.BookingRouteApproveTest"/>
</testsuite> <!-- TestCases.BookingRouteApproveTest -->
