<?xml version="1.0" encoding="UTF-8"?>
<!-- Generated by org.testng.reporters.JUnitReportReporter -->
<testsuite name="TestCases.BookingRouteApproveTest" tests="1" time="28.543" ignored="0" failures="0" timestamp="25 Jun 2018 07:12:42 GMT" skipped="0" hostname="nlccu100" errors="0">
  <testcase name="BookingRouteApproval" time="28.543" classname="TestCases.BookingRouteApproveTest"/>
</testsuite> <!-- TestCases.BookingRouteApproveTest -->
