<?xml version="1.0" encoding="UTF-8"?>
<!-- Generated by org.testng.reporters.JUnitReportReporter -->
<testsuite name="TestCases.CreateBlWithRevenueUpdate" tests="1" time="105.445" ignored="0" failures="0" timestamp="28 Jun 2018 10:49:50 GMT" skipped="0" hostname="nlccu100" errors="0">
  <testcase name="ApplicationLogin" time="105.445" classname="TestCases.CreateBlWithRevenueUpdate"/>
</testsuite> <!-- TestCases.CreateBlWithRevenueUpdate -->
