<?xml version="1.0" encoding="UTF-8"?>
<!-- Generated by org.testng.reporters.JUnitReportReporter -->
<testsuite name="TestCases.TC_BL_validation1" tests="2" time="10.909" ignored="0" failures="0" timestamp="31 Aug 2018 08:46:40 GMT" skipped="0" hostname="nlccu100" errors="0">
  <testcase name="BLValidationBookingLegIntented" time="8.644" classname="TestCases.TC_BL_validation1"/>
  <testcase name="BLValidationBookingAccepted" time="2.265" classname="TestCases.TC_BL_validation1"/>
</testsuite> <!-- TestCases.TC_BL_validation1 -->
