<?xml version="1.0" encoding="UTF-8"?>
<!-- Generated by org.testng.reporters.JUnitReportReporter -->
<testsuite name="TestCases.CreateBookingFromContactTest" tests="1" time="47.793" ignored="0" failures="0" timestamp="14 Feb 2019 11:15:58 GMT" skipped="0" hostname="nlccu100" errors="0">
  <testcase name="CreateBooking" time="47.793" classname="TestCases.CreateBookingFromContactTest"/>
</testsuite> <!-- TestCases.CreateBookingFromContactTest -->
