<?xml version="1.0" encoding="UTF-8"?>
<!-- Generated by org.testng.reporters.JUnitReportReporter -->
<testsuite name="TestCases.CreateBookingFromContactTest" tests="1" time="82.563" ignored="0" failures="0" timestamp="18 Feb 2019 10:52:14 GMT" skipped="0" hostname="nlccu100" errors="0">
  <testcase name="CreateBooking" time="82.563" classname="TestCases.CreateBookingFromContactTest"/>
</testsuite> <!-- TestCases.CreateBookingFromContactTest -->
