<?xml version="1.0" encoding="UTF-8"?>
<!-- Generated by org.testng.reporters.JUnitReportReporter -->
<testsuite name="TestCases.CreateBookingFromContactTest" tests="1" time="53.079" ignored="0" failures="0" timestamp="25 Jun 2018 06:04:39 GMT" skipped="0" hostname="nlccu100" errors="0">
  <testcase name="CreateBooking" time="53.079" classname="TestCases.CreateBookingFromContactTest"/>
</testsuite> <!-- TestCases.CreateBookingFromContactTest -->
