<?xml version="1.0" encoding="UTF-8"?>
<!-- Generated by org.testng.reporters.JUnitReportReporter -->
<testsuite name="TestCases.TCBL_multipleRevenueBL" tests="1" time="863.107" ignored="0" failures="0" timestamp="11 Sep 2018 05:06:17 GMT" skipped="0" hostname="nlccu100" errors="0">
  <testcase name="multiRevenueTest" time="863.107" classname="TestCases.TCBL_multipleRevenueBL"/>
</testsuite> <!-- TestCases.TCBL_multipleRevenueBL -->
