<?xml version="1.0" encoding="UTF-8"?>
<!-- Generated by org.testng.reporters.JUnitReportReporter -->
<testsuite name="TestCases.Testcas1" tests="1" time="36.938" ignored="0" failures="0" timestamp="16 Jul 2018 10:46:52 GMT" skipped="0" hostname="nlccu100" errors="0">
  <testcase name="ContractUploadTest" time="36.938" classname="TestCases.Testcas1"/>
</testsuite> <!-- TestCases.Testcas1 -->
