<?xml version="1.0" encoding="UTF-8"?>
<!-- Generated by org.testng.reporters.JUnitReportReporter -->
<testsuite name="TestCases.ContractDraftToCompleteTestCase" tests="1" time="39.634" ignored="0" failures="0" timestamp="14 Feb 2019 06:24:36 GMT" skipped="0" hostname="nlccu100" errors="0">
  <testcase name="ContractComplete" time="39.634" classname="TestCases.ContractDraftToCompleteTestCase"/>
</testsuite> <!-- TestCases.ContractDraftToCompleteTestCase -->
