<?xml version="1.0" encoding="UTF-8"?>
<!-- Generated by org.testng.reporters.JUnitReportReporter -->
<testsuite name="TestCases.VerifyLoginPage" tests="1" time="187.246" ignored="0" failures="0" timestamp="12 Apr 2018 13:05:29 GMT" skipped="0" hostname="nlccu100" errors="0">
  <testcase name="loginTest" time="187.246" classname="TestCases.VerifyLoginPage"/>
</testsuite> <!-- TestCases.VerifyLoginPage -->
