<?xml version="1.0" encoding="UTF-8"?>
<!-- Generated by org.testng.reporters.JUnitReportReporter -->
<testsuite name="TestCases.ContractDraftToCompleteTestCase" tests="1" time="26.280" ignored="0" failures="0" timestamp="28 Jun 2018 10:45:03 GMT" skipped="0" hostname="nlccu100" errors="0">
  <testcase name="ContractComplete" time="26.280" classname="TestCases.ContractDraftToCompleteTestCase"/>
</testsuite> <!-- TestCases.ContractDraftToCompleteTestCase -->
