<?xml version="1.0" encoding="UTF-8"?>
<!-- Generated by org.testng.reporters.JUnitReportReporter -->
<testsuite name="TestCases.CreateContractTest" tests="1" time="83.715" ignored="0" failures="0" timestamp="14 Feb 2019 06:23:49 GMT" skipped="0" hostname="nlccu100" errors="0">
  <testcase name="ContractEntry" time="83.715" classname="TestCases.CreateContractTest"/>
</testsuite> <!-- TestCases.CreateContractTest -->
