<?xml version="1.0" encoding="UTF-8"?>
<!-- Generated by org.testng.reporters.JUnitReportReporter -->
<testsuite name="TestCases.BookingRouteApproveTest" tests="1" time="27.033" ignored="0" failures="0" timestamp="28 Jun 2018 10:47:33 GMT" skipped="0" hostname="nlccu100" errors="0">
  <testcase name="BookingRouteApproval" time="27.033" classname="TestCases.BookingRouteApproveTest"/>
</testsuite> <!-- TestCases.BookingRouteApproveTest -->
