<?xml version="1.0" encoding="UTF-8"?>
<!-- Generated by org.testng.reporters.JUnitReportReporter -->
<testsuite name="TestCases.VerifyLoginPage" tests="1" time="12.777" ignored="0" failures="0" timestamp="20 Nov 2018 12:39:35 GMT" skipped="0" hostname="nlccu100" errors="0">
  <testcase name="loginTest" time="12.777" classname="TestCases.VerifyLoginPage"/>
</testsuite> <!-- TestCases.VerifyLoginPage -->
