<?xml version="1.0" encoding="UTF-8"?>
<!-- Generated by org.testng.reporters.JUnitReportReporter -->
<testsuite name="TestCases.LoginMouseHover" tests="1" time="17.573" ignored="0" failures="0" timestamp="20 Dec 2018 10:50:46 GMT" skipped="0" hostname="nlccu100" errors="0">
  <testcase name="loginTest" time="17.573" classname="TestCases.LoginMouseHover"/>
</testsuite> <!-- TestCases.LoginMouseHover -->
