<?xml version="1.0" encoding="UTF-8"?>
<!-- Generated by org.testng.reporters.JUnitReportReporter -->
<testsuite name="TestCases.CreateContractTest" tests="1" time="86.853" ignored="0" failures="0" timestamp="28 Jun 2018 13:04:39 GMT" skipped="0" hostname="nlccu100" errors="0">
  <testcase name="ContractEntry" time="86.853" classname="TestCases.CreateContractTest"/>
</testsuite> <!-- TestCases.CreateContractTest -->
